[LOG] Time: wto, 19 mar 2019, 13:29:07 CET
[LOG] Website: http://boards.4channel.org/g/thread/70199827 was changed.
[LOG] Time: wto, 19 mar 2019, 13:29:11 CET
[LOG] Website: http://boards.4channel.org/g/thread/70199827 was changed.
[LOG] Time: wto, 19 mar 2019, 13:29:16 CET
[LOG] Website: http://boards.4channel.org/g/thread/70199827 was changed.
[LOG] Time: wto, 19 mar 2019, 13:29:20 CET
[LOG] Website: https://alpha.wallhaven.cc/latest was changed.
[LOG] Time: wto, 19 mar 2019, 13:29:21 CET
[LOG] Website: http://boards.4channel.org/g/thread/70199827 was changed.
[LOG] Time: wto, 19 mar 2019, 13:29:45 CET
[LOG] Website: http://boards.4channel.org/g/thread/70199827 was changed.
[LOG] Time: wto, 19 mar 2019, 13:29:49 CET
[LOG] Website: http://boards.4channel.org/g/thread/70199827 was changed.
[LOG] Time: wto, 19 mar 2019, 13:29:59 CET
[LOG] Website: http://boards.4channel.org/g/thread/70199827 was changed.
[LOG] Time: wto, 19 mar 2019, 13:30:06 CET
[LOG] Website: http://boards.4channel.org/g/thread/70199827 was changed.
[LOG] Time: wto, 19 mar 2019, 13:30:06 CET
[LOG] Website: http://boards.4channel.org/sci/thread/10474877 was changed.
[LOG] Time: wto, 19 mar 2019, 13:30:17 CET
[LOG] Website: http://boards.4channel.org/g/thread/70199827 was changed.
[LOG] Time: wto, 19 mar 2019, 13:30:26 CET
[LOG] Website: http://boards.4channel.org/g/thread/70199827 was changed.
[LOG] Time: wto, 19 mar 2019, 13:30:38 CET
[LOG] Website: http://boards.4channel.org/g/thread/70199827 was changed.
[LOG] Time: wto, 19 mar 2019, 13:30:42 CET
[LOG] Website: http://boards.4channel.org/g/thread/70199827 was changed.
[LOG] Time: wto, 19 mar 2019, 13:31:03 CET
[LOG] Website: http://boards.4channel.org/g/thread/70199827 was changed.
[LOG] Time: wto, 19 mar 2019, 13:31:07 CET
[LOG] Website: http://boards.4channel.org/g/thread/70199827 was changed.
[LOG] Time: wto, 19 mar 2019, 13:31:11 CET
[LOG] Website: http://boards.4channel.org/g/thread/70199827 was changed.
[LOG] Time: wto, 19 mar 2019, 13:31:21 CET
[LOG] Website: http://boards.4channel.org/g/thread/70199827 was changed.
[LOG] Time: wto, 19 mar 2019, 13:31:26 CET
[LOG] Website: http://boards.4channel.org/g/thread/70199827 was changed.
[LOG] Time: wto, 19 mar 2019, 13:31:31 CET
[LOG] Website: http://boards.4channel.org/g/thread/70199827 was changed.
[LOG] Time: wto, 19 mar 2019, 13:31:32 CET
[LOG] Website: http://boards.4channel.org/sci/thread/10474877 was changed.
[LOG] Time: wto, 19 mar 2019, 13:31:36 CET
[LOG] Website: http://boards.4channel.org/g/thread/70199827 was changed.
[LOG] Time: wto, 19 mar 2019, 13:31:48 CET
[LOG] Website: http://boards.4channel.org/g/thread/70199827 was changed.
[LOG] Time: wto, 19 mar 2019, 13:31:56 CET
[LOG] Website: http://boards.4channel.org/g/thread/70199827 was changed.
[LOG] Time: wto, 19 mar 2019, 13:31:59 CET
[LOG] Website: http://boards.4channel.org/g/thread/70199827 was changed.
[LOG] Time: wto, 19 mar 2019, 13:32:09 CET
[LOG] Website: http://boards.4channel.org/g/thread/70199827 was changed.
[LOG] Time: wto, 19 mar 2019, 13:32:15 CET
[LOG] Website: http://boards.4channel.org/g/thread/70199827 was changed.
[LOG] Time: wto, 19 mar 2019, 13:32:20 CET
[LOG] Website: http://boards.4channel.org/g/thread/70199827 was changed.
[LOG] Time: wto, 19 mar 2019, 13:32:26 CET
[LOG] Website: http://boards.4channel.org/g/thread/70199827 was changed.
[LOG] Time: wto, 19 mar 2019, 13:32:34 CET
[LOG] Website: http://boards.4channel.org/g/thread/70199827 was changed.
[LOG] Time: wto, 19 mar 2019, 13:32:46 CET
[LOG] Website: http://boards.4channel.org/g/thread/70199827 was changed.
[LOG] Time: wto, 19 mar 2019, 13:32:49 CET
[LOG] Website: http://boards.4channel.org/g/thread/70199827 was changed.
[LOG] Time: wto, 19 mar 2019, 13:32:52 CET
[LOG] Website: https://alpha.wallhaven.cc/latest was changed.
[LOG] Time: wto, 19 mar 2019, 13:32:53 CET
[LOG] Website: http://boards.4channel.org/g/thread/70199827 was changed.
[LOG] Time: wto, 19 mar 2019, 13:33:10 CET
[LOG] Website: http://boards.4channel.org/g/thread/70199827 was changed.
[LOG] Time: wto, 19 mar 2019, 13:33:18 CET
[LOG] Website: http://boards.4channel.org/g/thread/70199827 was changed.
[LOG] Time: wto, 19 mar 2019, 13:33:24 CET
[LOG] Website: http://boards.4channel.org/g/thread/70199827 was changed.
[LOG] Time: wto, 19 mar 2019, 13:33:29 CET
[LOG] Website: http://boards.4channel.org/g/thread/70199827 was changed.
[LOG] Time: wto, 19 mar 2019, 13:33:39 CET
[LOG] Website: http://boards.4channel.org/sci/thread/10474877 was changed.
[LOG] Time: wto, 19 mar 2019, 13:33:43 CET
[LOG] Website: http://boards.4channel.org/g/thread/70199827 was changed.
[LOG] Time: wto, 19 mar 2019, 13:33:46 CET
[LOG] Website: http://boards.4channel.org/g/thread/70199827 was changed.
[LOG] Time: wto, 19 mar 2019, 13:33:51 CET
[LOG] Website: http://boards.4channel.org/g/thread/70199827 was changed.
[LOG] Time: wto, 19 mar 2019, 13:33:54 CET
[LOG] Website: http://boards.4channel.org/g/thread/70199827 was changed.
[LOG] Time: wto, 19 mar 2019, 13:33:59 CET
[LOG] Website: http://boards.4channel.org/g/thread/70199827 was changed.
[LOG] Time: wto, 19 mar 2019, 13:34:03 CET
[LOG] Website: http://boards.4channel.org/g/thread/70199827 was changed.
[LOG] Time: wto, 19 mar 2019, 13:34:10 CET
[LOG] Website: http://boards.4channel.org/g/thread/70199827 was changed.
[LOG] Time: wto, 19 mar 2019, 13:34:14 CET
[LOG] Website: http://boards.4channel.org/g/thread/70199827 was changed.
[LOG] Time: wto, 19 mar 2019, 13:34:20 CET
[LOG] Website: http://boards.4channel.org/g/thread/70199827 was changed.
[LOG] Time: wto, 19 mar 2019, 13:34:34 CET
[LOG] Website: http://boards.4channel.org/g/thread/70199827 was changed.
[LOG] Time: wto, 19 mar 2019, 13:34:37 CET
[LOG] Website: http://boards.4channel.org/g/thread/70199827 was changed.
[LOG] Time: wto, 19 mar 2019, 13:34:41 CET
[LOG] Website: http://boards.4channel.org/g/thread/70199827 was changed.
[LOG] Time: wto, 19 mar 2019, 13:34:44 CET
[LOG] Website: http://boards.4channel.org/g/thread/70199827 was changed.
[LOG] Time: wto, 19 mar 2019, 13:34:51 CET
[LOG] Website: http://boards.4channel.org/g/thread/70199827 was changed.
[LOG] Time: wto, 19 mar 2019, 13:34:57 CET
[LOG] Website: http://boards.4channel.org/g/thread/70199827 was changed.
[LOG] Time: wto, 19 mar 2019, 13:35:02 CET
[LOG] Website: http://boards.4channel.org/g/thread/70199827 was changed.
[LOG] Time: wto, 19 mar 2019, 13:35:10 CET
[LOG] Website: http://boards.4channel.org/g/thread/70199827 was changed.
[LOG] Time: wto, 19 mar 2019, 13:35:21 CET
[LOG] Website: http://boards.4channel.org/g/thread/70199827 was changed.
[LOG] Time: wto, 19 mar 2019, 13:35:33 CET
[LOG] Website: http://boards.4channel.org/g/thread/70199827 was changed.
[LOG] Time: wto, 19 mar 2019, 13:35:36 CET
[LOG] Website: http://boards.4channel.org/g/thread/70199827 was changed.
[LOG] Time: wto, 19 mar 2019, 13:35:39 CET
[LOG] Website: http://boards.4channel.org/g/thread/70199827 was changed.
[LOG] Time: wto, 19 mar 2019, 13:35:43 CET
[LOG] Website: http://boards.4channel.org/g/thread/70199827 was changed.
[LOG] Time: wto, 19 mar 2019, 13:35:46 CET
[LOG] Website: http://boards.4channel.org/g/thread/70199827 was changed.
[LOG] Time: wto, 19 mar 2019, 13:35:52 CET
[LOG] Website: http://boards.4channel.org/g/thread/70199827 was changed.
[LOG] Time: wto, 19 mar 2019, 13:35:59 CET
[LOG] Website: http://boards.4channel.org/g/thread/70199827 was changed.
[LOG] Time: wto, 19 mar 2019, 13:36:02 CET
[LOG] Website: http://boards.4channel.org/g/thread/70199827 was changed.
[LOG] Time: wto, 19 mar 2019, 13:36:02 CET
[LOG] Website: http://boards.4channel.org/sci/thread/10474877 was changed.
[LOG] Time: wto, 19 mar 2019, 13:36:05 CET
[LOG] Website: http://boards.4channel.org/g/thread/70199827 was changed.
[LOG] Time: wto, 19 mar 2019, 13:36:14 CET
[LOG] Website: http://boards.4channel.org/g/thread/70199827 was changed.
[LOG] Time: wto, 19 mar 2019, 13:36:20 CET
[LOG] Website: http://boards.4channel.org/g/thread/70199827 was changed.
[LOG] Time: wto, 19 mar 2019, 13:36:24 CET
[LOG] Website: http://boards.4channel.org/g/thread/70199827 was changed.
[LOG] Time: wto, 19 mar 2019, 13:36:34 CET
[LOG] Website: http://boards.4channel.org/g/thread/70199827 was changed.
[LOG] Time: wto, 19 mar 2019, 13:36:38 CET
[LOG] Website: http://boards.4channel.org/g/thread/70199827 was changed.
[LOG] Time: wto, 19 mar 2019, 13:36:42 CET
[LOG] Website: http://boards.4channel.org/g/thread/70199827 was changed.
[LOG] Time: wto, 19 mar 2019, 13:36:57 CET
[LOG] Website: http://boards.4channel.org/g/thread/70199827 was changed.
[LOG] Time: wto, 19 mar 2019, 13:37:00 CET
[LOG] Website: http://boards.4channel.org/g/thread/70199827 was changed.
[LOG] Time: wto, 19 mar 2019, 13:37:04 CET
[LOG] Website: http://boards.4channel.org/g/thread/70199827 was changed.
[LOG] Time: wto, 19 mar 2019, 13:37:08 CET
[LOG] Website: http://boards.4channel.org/g/thread/70199827 was changed.
[LOG] Time: wto, 19 mar 2019, 13:37:12 CET
[LOG] Website: http://boards.4channel.org/g/thread/70199827 was changed.
[LOG] Time: wto, 19 mar 2019, 13:37:12 CET
[LOG] Website: http://boards.4channel.org/sci/thread/10474877 was changed.
[LOG] Time: wto, 19 mar 2019, 13:37:19 CET
[LOG] Website: http://boards.4channel.org/g/thread/70199827 was changed.
[LOG] Time: wto, 19 mar 2019, 13:37:23 CET
[LOG] Website: http://boards.4channel.org/g/thread/70199827 was changed.
[LOG] Time: wto, 19 mar 2019, 13:37:42 CET
[LOG] Website: http://boards.4channel.org/g/thread/70199827 was changed.
[LOG] Time: wto, 19 mar 2019, 13:37:46 CET
[LOG] Website: http://boards.4channel.org/g/thread/70199827 was changed.
[LOG] Time: wto, 19 mar 2019, 13:37:54 CET
[LOG] Website: http://boards.4channel.org/g/thread/70199827 was changed.
[LOG] Time: wto, 19 mar 2019, 13:37:55 CET
[LOG] Website: http://boards.4channel.org/sci/thread/10474877 was changed.
[LOG] Time: wto, 19 mar 2019, 13:37:58 CET
[LOG] Website: http://boards.4channel.org/g/thread/70199827 was changed.
[LOG] Time: wto, 19 mar 2019, 13:38:05 CET
[LOG] Website: http://boards.4channel.org/g/thread/70199827 was changed.
[LOG] Time: wto, 19 mar 2019, 13:38:08 CET
[LOG] Website: http://boards.4channel.org/g/thread/70199827 was changed.
[LOG] Time: wto, 19 mar 2019, 13:38:17 CET
[LOG] Website: http://boards.4channel.org/g/thread/70199827 was changed.
[LOG] Time: wto, 19 mar 2019, 13:38:20 CET
[LOG] Website: http://boards.4channel.org/g/thread/70199827 was changed.
[LOG] Time: wto, 19 mar 2019, 13:38:23 CET
[LOG] Website: http://boards.4channel.org/g/thread/70199827 was changed.
[LOG] Time: wto, 19 mar 2019, 13:38:26 CET
[LOG] Website: http://boards.4channel.org/g/thread/70199827 was changed.
[LOG] Time: wto, 19 mar 2019, 13:38:36 CET
[LOG] Website: http://boards.4channel.org/g/thread/70199827 was changed.
[LOG] Time: wto, 19 mar 2019, 13:38:42 CET
[LOG] Website: http://boards.4channel.org/g/thread/70199827 was changed.
[LOG] Time: wto, 19 mar 2019, 13:38:47 CET
[LOG] Website: http://boards.4channel.org/g/thread/70199827 was changed.
[LOG] Time: wto, 19 mar 2019, 13:38:50 CET
[LOG] Website: http://boards.4channel.org/g/thread/70199827 was changed.
[LOG] Time: wto, 19 mar 2019, 13:38:57 CET
[LOG] Website: http://boards.4channel.org/g/thread/70199827 was changed.
[LOG] Time: wto, 19 mar 2019, 13:39:01 CET
[LOG] Website: http://boards.4channel.org/g/thread/70199827 was changed.
[LOG] Time: wto, 19 mar 2019, 13:39:12 CET
[LOG] Website: http://boards.4channel.org/g/thread/70199827 was changed.
[LOG] Time: wto, 19 mar 2019, 13:39:16 CET
[LOG] Website: http://boards.4channel.org/g/thread/70199827 was changed.
[LOG] Time: wto, 19 mar 2019, 13:39:20 CET
[LOG] Website: http://boards.4channel.org/g/thread/70199827 was changed.
[LOG] Time: wto, 19 mar 2019, 13:39:23 CET
[LOG] Website: http://boards.4channel.org/g/thread/70199827 was changed.
[LOG] Time: wto, 19 mar 2019, 13:39:38 CET
[LOG] Website: http://boards.4channel.org/g/thread/70199827 was changed.
[LOG] Time: wto, 19 mar 2019, 13:39:43 CET
[LOG] Website: http://boards.4channel.org/g/thread/70199827 was changed.
[LOG] Time: wto, 19 mar 2019, 13:39:47 CET
[LOG] Website: http://boards.4channel.org/g/thread/70199827 was changed.
[LOG] Time: wto, 19 mar 2019, 13:39:54 CET
[LOG] Website: http://boards.4channel.org/g/thread/70199827 was changed.
[LOG] Time: wto, 19 mar 2019, 13:39:58 CET
[LOG] Website: http://boards.4channel.org/g/thread/70199827 was changed.
[LOG] Time: wto, 19 mar 2019, 13:40:03 CET
[LOG] Website: http://boards.4channel.org/g/thread/70199827 was changed.
[LOG] Time: wto, 19 mar 2019, 13:40:24 CET
[LOG] Website: http://boards.4channel.org/g/thread/70199827 was changed.
[LOG] Time: wto, 19 mar 2019, 13:40:31 CET
[LOG] Website: http://boards.4channel.org/g/thread/70199827 was changed.
[LOG] Time: wto, 19 mar 2019, 13:40:51 CET
[LOG] Website: http://boards.4channel.org/sci/thread/10474877 was changed.
[LOG] Time: wto, 19 mar 2019, 13:40:59 CET
[LOG] Website: http://boards.4channel.org/g/thread/70199827 was changed.
[LOG] Time: wto, 19 mar 2019, 13:41:03 CET
[LOG] Website: http://boards.4channel.org/g/thread/70199827 was changed.
[LOG] Time: wto, 19 mar 2019, 13:41:08 CET
[LOG] Website: http://boards.4channel.org/g/thread/70199827 was changed.
[LOG] Time: wto, 19 mar 2019, 13:41:28 CET
[LOG] Website: http://boards.4channel.org/g/thread/70199827 was changed.
[LOG] Time: wto, 19 mar 2019, 13:41:33 CET
[LOG] Website: http://boards.4channel.org/g/thread/70199827 was changed.
[LOG] Time: wto, 19 mar 2019, 13:41:57 CET
[LOG] Website: http://boards.4channel.org/g/thread/70199827 was changed.
[LOG] Time: wto, 19 mar 2019, 13:42:07 CET
[LOG] Website: http://boards.4channel.org/g/thread/70199827 was changed.
[LOG] Time: wto, 19 mar 2019, 13:42:20 CET
[LOG] Website: http://boards.4channel.org/g/thread/70199827 was changed.
[LOG] Time: wto, 19 mar 2019, 13:42:31 CET
[LOG] Website: http://boards.4channel.org/g/thread/70199827 was changed.
[LOG] Time: wto, 19 mar 2019, 13:42:34 CET
[LOG] Website: http://boards.4channel.org/g/thread/70199827 was changed.
[LOG] Time: wto, 19 mar 2019, 13:42:42 CET
[LOG] Website: http://boards.4channel.org/g/thread/70199827 was changed.
[LOG] Time: wto, 19 mar 2019, 13:42:45 CET
[LOG] Website: http://boards.4channel.org/g/thread/70199827 was changed.
[LOG] Time: wto, 19 mar 2019, 13:42:49 CET
[LOG] Website: http://boards.4channel.org/sci/thread/10474877 was changed.
[LOG] Time: wto, 19 mar 2019, 13:42:53 CET
[LOG] Website: http://boards.4channel.org/g/thread/70199827 was changed.
[LOG] Time: wto, 19 mar 2019, 13:42:56 CET
[LOG] Website: http://boards.4channel.org/g/thread/70199827 was changed.
[LOG] Time: wto, 19 mar 2019, 13:42:56 CET
[LOG] Website: http://boards.4channel.org/sci/thread/10474877 was changed.
[LOG] Time: wto, 19 mar 2019, 14:10:32 CET
[LOG] Website: https://alpha.wallhaven.cc/latest was changed.
[LOG] Time: wto, 19 mar 2019, 14:10:33 CET
[LOG] Website: http://boards.4channel.org/g/thread/70217975 was changed.
[LOG] Time: wto, 19 mar 2019, 14:10:34 CET
[LOG] Website: http://boards.4channel.org/g/thread/70199827 was changed.
[LOG] Time: wto, 19 mar 2019, 14:10:37 CET
[LOG] Website: http://boards.4channel.org/sci/thread/10474877 was changed.
[LOG] Time: wto, 19 mar 2019, 14:11:26 CET
[LOG] Website: https://alpha.wallhaven.cc/latest was changed.
[LOG] Time: wto, 19 mar 2019, 14:11:35 CET
[LOG] Website: http://boards.4channel.org/g/thread/70199827 was changed.
[LOG] Time: wto, 19 mar 2019, 14:13:11 CET
[LOG] Website: http://boards.4channel.org/g/thread/70199827 was changed.
[LOG] Time: wto, 19 mar 2019, 14:13:18 CET
[LOG] Website: http://boards.4channel.org/g/thread/70199827 was changed.
[LOG] Time: wto, 19 mar 2019, 14:19:42 CET
[LOG] Website: https://en.wikipedia.org/wiki/Main_Page was changed.
[LOG] Time: wto, 19 mar 2019, 14:19:44 CET
[LOG] Website: http://boards.4channel.org/g/thread/70207774 was changed.
[LOG] Time: wto, 19 mar 2019, 14:19:45 CET
[LOG] Website: http://boards.4channel.org/g/thread/70217975 was changed.
[LOG] Time: wto, 19 mar 2019, 14:19:46 CET
[LOG] Website: http://boards.4channel.org/g/thread/70199827 was changed.
[LOG] Time: wto, 19 mar 2019, 14:19:46 CET
[LOG] Website: http://boards.4channel.org/sci/thread/10474877 was changed.
[LOG] Time: wto, 19 mar 2019, 14:19:50 CET
[LOG] Website: http://boards.4channel.org/g/thread/70217975 was changed.
[LOG] Time: wto, 19 mar 2019, 14:19:50 CET
[LOG] Website: http://boards.4channel.org/g/thread/70199827 was changed.
[LOG] Time: wto, 19 mar 2019, 14:20:23 CET
[LOG] Website: http://boards.4channel.org/g/thread/70199827 was changed.
[LOG] Time: wto, 19 mar 2019, 14:20:32 CET
[LOG] Website: http://boards.4channel.org/g/thread/70199827 was changed.
[LOG] Time: wto, 19 mar 2019, 14:20:37 CET
[LOG] Website: http://boards.4channel.org/g/thread/70199827 was changed.
[LOG] Time: wto, 19 mar 2019, 14:20:56 CET
[LOG] Website: http://boards.4channel.org/g/thread/70199827 was changed.
[LOG] Time: wto, 19 mar 2019, 14:20:59 CET
[LOG] Website: https://alpha.wallhaven.cc/latest was changed.
[LOG] Time: wto, 19 mar 2019, 14:21:01 CET
[LOG] Website: http://boards.4channel.org/g/thread/70199827 was changed.
[LOG] Time: wto, 19 mar 2019, 14:21:06 CET
[LOG] Website: http://boards.4channel.org/g/thread/70199827 was changed.
[LOG] Time: wto, 19 mar 2019, 14:21:11 CET
[LOG] Website: http://boards.4channel.org/g/thread/70199827 was changed.
[LOG] Time: wto, 19 mar 2019, 14:21:16 CET
[LOG] Website: http://boards.4channel.org/g/thread/70199827 was changed.
[LOG] Time: wto, 19 mar 2019, 14:21:27 CET
[LOG] Website: http://boards.4channel.org/g/thread/70199827 was changed.
[LOG] Time: wto, 19 mar 2019, 14:21:46 CET
[LOG] Website: http://boards.4channel.org/g/thread/70199827 was changed.
[LOG] Time: wto, 19 mar 2019, 14:21:53 CET
[LOG] Website: http://boards.4channel.org/g/thread/70199827 was changed.
[LOG] Time: wto, 19 mar 2019, 14:21:58 CET
[LOG] Website: http://boards.4channel.org/g/thread/70199827 was changed.
[LOG] Time: wto, 19 mar 2019, 14:22:03 CET
[LOG] Website: http://boards.4channel.org/g/thread/70199827 was changed.
[LOG] Time: wto, 19 mar 2019, 14:22:08 CET
[LOG] Website: http://boards.4channel.org/g/thread/70199827 was changed.
[LOG] Time: wto, 19 mar 2019, 14:22:12 CET
[LOG] Website: http://boards.4channel.org/g/thread/70199827 was changed.
[LOG] Time: wto, 19 mar 2019, 14:22:18 CET
[LOG] Website: http://boards.4channel.org/g/thread/70199827 was changed.
[LOG] Time: wto, 19 mar 2019, 14:22:23 CET
[LOG] Website: http://boards.4channel.org/g/thread/70199827 was changed.
[LOG] Time: wto, 19 mar 2019, 14:22:36 CET
[LOG] Website: http://boards.4channel.org/g/thread/70199827 was changed.
[LOG] Time: wto, 19 mar 2019, 14:22:52 CET
[LOG] Website: http://boards.4channel.org/g/thread/70199827 was changed.
[LOG] Time: wto, 19 mar 2019, 14:22:56 CET
[LOG] Website: http://boards.4channel.org/g/thread/70199827 was changed.
[LOG] Time: wto, 19 mar 2019, 14:23:01 CET
[LOG] Website: http://boards.4channel.org/g/thread/70199827 was changed.
[LOG] Time: wto, 19 mar 2019, 14:23:09 CET
[LOG] Website: http://boards.4channel.org/g/thread/70199827 was changed.
[LOG] Time: wto, 19 mar 2019, 14:23:17 CET
[LOG] Website: http://boards.4channel.org/g/thread/70199827 was changed.
[LOG] Time: wto, 19 mar 2019, 14:23:21 CET
[LOG] Website: http://boards.4channel.org/g/thread/70199827 was changed.
[LOG] Time: wto, 19 mar 2019, 14:23:26 CET
[LOG] Website: http://boards.4channel.org/g/thread/70199827 was changed.
[LOG] Time: wto, 19 mar 2019, 14:23:32 CET
[LOG] Website: http://boards.4channel.org/g/thread/70199827 was changed.
[LOG] Time: wto, 19 mar 2019, 14:23:40 CET
[LOG] Website: http://boards.4channel.org/g/thread/70199827 was changed.
[LOG] Time: wto, 19 mar 2019, 14:23:46 CET
[LOG] Website: http://boards.4channel.org/g/thread/70199827 was changed.
[LOG] Time: wto, 19 mar 2019, 14:23:55 CET
[LOG] Website: http://boards.4channel.org/g/thread/70199827 was changed.
[LOG] Time: wto, 19 mar 2019, 14:24:04 CET
[LOG] Website: http://boards.4channel.org/g/thread/70199827 was changed.
[LOG] Time: wto, 19 mar 2019, 14:24:10 CET
[LOG] Website: http://boards.4channel.org/g/thread/70199827 was changed.
[LOG] Time: wto, 19 mar 2019, 14:24:14 CET
[LOG] Website: http://boards.4channel.org/g/thread/70199827 was changed.
[LOG] Time: wto, 19 mar 2019, 14:24:24 CET
[LOG] Website: http://boards.4channel.org/g/thread/70199827 was changed.
[LOG] Time: wto, 19 mar 2019, 14:24:33 CET
[LOG] Website: http://boards.4channel.org/g/thread/70199827 was changed.
[LOG] Time: wto, 19 mar 2019, 14:24:43 CET
[LOG] Website: http://boards.4channel.org/g/thread/70199827 was changed.
[LOG] Time: wto, 19 mar 2019, 14:24:44 CET
[LOG] Website: http://boards.4channel.org/g/thread/70199827 was changed.
[LOG] Time: wto, 19 mar 2019, 14:24:48 CET
[LOG] Website: http://boards.4channel.org/g/thread/70199827 was changed.
[LOG] Time: wto, 19 mar 2019, 14:24:52 CET
[LOG] Website: http://boards.4channel.org/g/thread/70199827 was changed.
[LOG] Time: wto, 19 mar 2019, 14:24:57 CET
[LOG] Website: http://boards.4channel.org/g/thread/70199827 was changed.
[LOG] Time: wto, 19 mar 2019, 14:25:02 CET
[LOG] Website: http://boards.4channel.org/g/thread/70199827 was changed.
[LOG] Time: wto, 19 mar 2019, 14:25:24 CET
[LOG] Website: http://boards.4channel.org/g/thread/70199827 was changed.
[LOG] Time: wto, 19 mar 2019, 14:25:29 CET
[LOG] Website: http://boards.4channel.org/g/thread/70199827 was changed.
[LOG] Time: wto, 19 mar 2019, 14:25:40 CET
[LOG] Website: http://boards.4channel.org/g/thread/70217975 was changed.
[LOG] Time: wto, 19 mar 2019, 14:25:41 CET
[LOG] Website: http://boards.4channel.org/g/thread/70199827 was changed.
[LOG] Time: wto, 19 mar 2019, 14:25:56 CET
[LOG] Website: http://boards.4channel.org/g/thread/70199827 was changed.
[LOG] Time: wto, 19 mar 2019, 14:26:04 CET
[LOG] Website: http://boards.4channel.org/g/thread/70199827 was changed.
[LOG] Time: wto, 19 mar 2019, 14:26:24 CET
[LOG] Website: http://boards.4channel.org/g/thread/70199827 was changed.
[LOG] Time: wto, 19 mar 2019, 14:26:30 CET
[LOG] Website: http://boards.4channel.org/g/thread/70199827 was changed.
[LOG] Time: wto, 19 mar 2019, 14:26:34 CET
[LOG] Website: http://boards.4channel.org/g/thread/70199827 was changed.
[LOG] Time: wto, 19 mar 2019, 14:26:40 CET
[LOG] Website: http://boards.4channel.org/g/thread/70199827 was changed.
[LOG] Time: wto, 19 mar 2019, 14:26:43 CET
[LOG] Website: http://boards.4channel.org/g/thread/70217975 was changed.
[LOG] Time: wto, 19 mar 2019, 14:26:48 CET
[LOG] Website: http://boards.4channel.org/g/thread/70199827 was changed.
[LOG] Time: wto, 19 mar 2019, 14:26:52 CET
[LOG] Website: http://boards.4channel.org/g/thread/70199827 was changed.
[LOG] Time: wto, 19 mar 2019, 14:27:06 CET
[LOG] Website: http://boards.4channel.org/g/thread/70199827 was changed.
[LOG] Time: wto, 19 mar 2019, 14:27:12 CET
[LOG] Website: http://boards.4channel.org/g/thread/70199827 was changed.
[LOG] Time: wto, 19 mar 2019, 14:27:17 CET
[LOG] Website: http://boards.4channel.org/g/thread/70199827 was changed.
[LOG] Time: wto, 19 mar 2019, 14:27:22 CET
[LOG] Website: http://boards.4channel.org/g/thread/70199827 was changed.
[LOG] Time: wto, 19 mar 2019, 14:27:32 CET
[LOG] Website: http://boards.4channel.org/g/thread/70217975 was changed.
[LOG] Time: wto, 19 mar 2019, 14:27:42 CET
[LOG] Website: http://boards.4channel.org/g/thread/70199827 was changed.
[LOG] Time: wto, 19 mar 2019, 14:27:49 CET
[LOG] Website: http://boards.4channel.org/g/thread/70199827 was changed.
[LOG] Time: wto, 19 mar 2019, 14:28:14 CET
[LOG] Website: http://boards.4channel.org/g/thread/70199827 was changed.
[LOG] Time: wto, 19 mar 2019, 14:28:18 CET
[LOG] Website: http://boards.4channel.org/g/thread/70199827 was changed.
[LOG] Time: wto, 19 mar 2019, 14:28:27 CET
[LOG] Website: http://boards.4channel.org/g/thread/70199827 was changed.
[LOG] Time: wto, 19 mar 2019, 14:28:32 CET
[LOG] Website: http://boards.4channel.org/g/thread/70199827 was changed.
[LOG] Time: wto, 19 mar 2019, 14:28:41 CET
[LOG] Website: http://boards.4channel.org/g/thread/70199827 was changed.
[LOG] Time: wto, 19 mar 2019, 14:28:53 CET
[LOG] Website: http://boards.4channel.org/g/thread/70199827 was changed.
[LOG] Time: wto, 19 mar 2019, 14:35:58 CET
[LOG] Website: https://alpha.wallhaven.cc/latest was changed.
[LOG] Time: wto, 19 mar 2019, 14:35:59 CET
[LOG] Website: http://boards.4channel.org/g/thread/70217975 was changed.
[LOG] Time: wto, 19 mar 2019, 14:36:05 CET
[LOG] Website: http://boards.4channel.org/g/thread/70199827 was changed.
[LOG] Time: wto, 19 mar 2019, 14:36:07 CET
[LOG] Website: https://allegro.pl/ was changed.
[LOG] Time: wto, 19 mar 2019, 14:36:12 CET
[LOG] Website: http://boards.4channel.org/g/thread/70199827 was changed.
[LOG] Time: wto, 19 mar 2019, 14:36:13 CET
[LOG] Website: https://allegro.pl/ was changed.
[LOG] Time: wto, 19 mar 2019, 14:36:19 CET
[LOG] Website: https://allegro.pl/ was changed.
[LOG] Time: wto, 19 mar 2019, 14:36:23 CET
[LOG] Website: http://boards.4channel.org/g/thread/70199827 was changed.
[LOG] Time: wto, 19 mar 2019, 14:36:24 CET
[LOG] Website: https://allegro.pl/ was changed.
[LOG] Time: wto, 19 mar 2019, 14:36:30 CET
[LOG] Website: https://allegro.pl/ was changed.
[LOG] Time: wto, 19 mar 2019, 14:36:34 CET
[LOG] Website: http://boards.4channel.org/g/thread/70199827 was changed.
[LOG] Time: wto, 19 mar 2019, 14:36:35 CET
[LOG] Website: https://allegro.pl/ was changed.
[LOG] Time: wto, 19 mar 2019, 14:36:41 CET
[LOG] Website: https://allegro.pl/ was changed.
[LOG] Time: wto, 19 mar 2019, 14:36:45 CET
[LOG] Website: http://boards.4channel.org/g/thread/70199827 was changed.
[LOG] Time: wto, 19 mar 2019, 14:36:47 CET
[LOG] Website: https://allegro.pl/ was changed.
[LOG] Time: wto, 19 mar 2019, 14:36:52 CET
[LOG] Website: http://boards.4channel.org/g/thread/70199827 was changed.
[LOG] Time: wto, 19 mar 2019, 14:36:54 CET
[LOG] Website: https://allegro.pl/ was changed.
[LOG] Time: wto, 19 mar 2019, 14:37:00 CET
[LOG] Website: https://allegro.pl/ was changed.
[LOG] Time: wto, 19 mar 2019, 14:37:04 CET
[LOG] Website: http://boards.4channel.org/g/thread/70199827 was changed.
[LOG] Time: wto, 19 mar 2019, 14:37:06 CET
[LOG] Website: https://allegro.pl/ was changed.
[LOG] Time: wto, 19 mar 2019, 14:37:13 CET
[LOG] Website: http://boards.4channel.org/g/thread/70199827 was changed.
[LOG] Time: wto, 19 mar 2019, 14:37:31 CET
[LOG] Website: https://allegro.pl/ was changed.
